2019-10-29 22:01:10,036 INFO  [org.jboss.modules] (main) JBoss Modules version 1.9.1.Final
2019-10-29 22:01:10,864 INFO  [org.jboss.msc] (main) JBoss MSC version 1.4.11.Final
2019-10-29 22:01:10,884 INFO  [org.jboss.threads] (main) JBoss Threads version 2.3.3.Final
2019-10-29 22:01:11,122 INFO  [org.jboss.as] (MSC service thread 1-2) WFLYSRV0049: WildFly Full 18.0.0.Final (WildFly Core 10.0.0.Final) starting
2019-10-29 22:01:11,124 DEBUG [org.jboss.as.config] (MSC service thread 1-2) Configured system properties:
	[Standalone] = 
	awt.toolkit = sun.awt.X11.XToolkit
	file.encoding = UTF-8
	file.separator = /
	java.awt.graphicsenv = sun.awt.X11GraphicsEnvironment
	java.awt.headless = true
	java.awt.printerjob = sun.print.PSPrinterJob
	java.class.path = /home/matheus/work/programacao/Java/uti/wildfly-18.0.0.Final/jboss-modules.jar
	java.class.version = 55.0
	java.home = /opt/jdk-11.0.3
	java.io.tmpdir = /tmp
	java.library.path = /usr/java/packages/lib:/usr/lib64:/lib64:/lib:/usr/lib
	java.net.preferIPv4Stack = true
	java.runtime.name = Java(TM) SE Runtime Environment
	java.runtime.version = 11.0.3+12-LTS
	java.specification.name = Java Platform API Specification
	java.specification.vendor = Oracle Corporation
	java.specification.version = 11
	java.util.logging.manager = org.jboss.logmanager.LogManager
	java.vendor = Oracle Corporation
	java.vendor.url = http://java.oracle.com/
	java.vendor.url.bug = http://bugreport.java.com/bugreport/
	java.vendor.version = 18.9
	java.version = 11.0.3
	java.version.date = 2019-04-16
	java.vm.compressedOopsMode = 32-bit
	java.vm.info = mixed mode
	java.vm.name = Java HotSpot(TM) 64-Bit Server VM
	java.vm.specification.name = Java Virtual Machine Specification
	java.vm.specification.vendor = Oracle Corporation
	java.vm.specification.version = 11
	java.vm.vendor = Oracle Corporation
	java.vm.version = 11.0.3+12-LTS
	javax.management.builder.initial = org.jboss.as.jmx.PluggableMBeanServerBuilder
	jboss.home.dir = /home/matheus/work/programacao/Java/uti/wildfly-18.0.0.Final
	jboss.host.name = matheus-pc
	jboss.modules.dir = /home/matheus/work/programacao/Java/uti/wildfly-18.0.0.Final/modules
	jboss.modules.system.pkgs = org.jboss.byteman
	jboss.node.name = matheus-pc
	jboss.qualified.host.name = matheus-pc
	jboss.server.base.dir = /home/matheus/work/programacao/Java/uti/wildfly-18.0.0.Final/standalone
	jboss.server.config.dir = /home/matheus/work/programacao/Java/uti/wildfly-18.0.0.Final/standalone/configuration
	jboss.server.data.dir = /home/matheus/work/programacao/Java/uti/wildfly-18.0.0.Final/standalone/data
	jboss.server.deploy.dir = /home/matheus/work/programacao/Java/uti/wildfly-18.0.0.Final/standalone/data/content
	jboss.server.log.dir = /home/matheus/work/programacao/Java/uti/wildfly-18.0.0.Final/standalone/log
	jboss.server.name = matheus-pc
	jboss.server.persist.config = true
	jboss.server.temp.dir = /home/matheus/work/programacao/Java/uti/wildfly-18.0.0.Final/standalone/tmp
	jdk.debug = release
	line.separator = 

	logging.configuration = file:/home/matheus/work/programacao/Java/uti/wildfly-18.0.0.Final/standalone/configuration/logging.properties
	module.path = /home/matheus/work/programacao/Java/uti/wildfly-18.0.0.Final/modules
	org.jboss.boot.log.file = /home/matheus/work/programacao/Java/uti/wildfly-18.0.0.Final/standalone/log/server.log
	org.jboss.resolver.warning = true
	os.arch = amd64
	os.name = Linux
	os.version = 5.3.0-19-generic
	path.separator = :
	sun.arch.data.model = 64
	sun.boot.library.path = /opt/jdk-11.0.3/lib
	sun.cpu.endian = little
	sun.cpu.isalist = 
	sun.desktop = gnome
	sun.io.unicode.encoding = UnicodeLittle
	sun.java.command = /home/matheus/work/programacao/Java/uti/wildfly-18.0.0.Final/jboss-modules.jar -mp /home/matheus/work/programacao/Java/uti/wildfly-18.0.0.Final/modules org.jboss.as.standalone -Djboss.home.dir=/home/matheus/work/programacao/Java/uti/wildfly-18.0.0.Final -Djboss.server.base.dir=/home/matheus/work/programacao/Java/uti/wildfly-18.0.0.Final/standalone
	sun.java.launcher = SUN_STANDARD
	sun.jnu.encoding = UTF-8
	sun.management.compiler = HotSpot 64-Bit Tiered Compilers
	sun.os.patch.level = unknown
	user.country = BR
	user.dir = /home/matheus/work/programacao/Java/uti/wildfly-18.0.0.Final/bin
	user.home = /home/matheus
	user.language = pt
	user.name = matheus
	user.timezone = America/Sao_Paulo
2019-10-29 22:01:11,127 DEBUG [org.jboss.as.config] (MSC service thread 1-2) VM Arguments: -D[Standalone] -Xms64m -Xmx512m -XX:MetaspaceSize=96M -XX:MaxMetaspaceSize=256m -Djava.net.preferIPv4Stack=true -Djboss.modules.system.pkgs=org.jboss.byteman -Djava.awt.headless=true --add-exports=java.base/sun.nio.ch=ALL-UNNAMED --add-exports=jdk.unsupported/sun.misc=ALL-UNNAMED --add-exports=jdk.unsupported/sun.reflect=ALL-UNNAMED -Dorg.jboss.boot.log.file=/home/matheus/work/programacao/Java/uti/wildfly-18.0.0.Final/standalone/log/server.log -Dlogging.configuration=file:/home/matheus/work/programacao/Java/uti/wildfly-18.0.0.Final/standalone/configuration/logging.properties 
2019-10-29 22:01:11,962 INFO  [org.wildfly.security] (ServerService Thread Pool -- 27) ELY00001: WildFly Elytron version 1.10.3.Final
2019-10-29 22:01:12,749 INFO  [org.jboss.as.controller.management-deprecated] (Controller Boot Thread) WFLYCTL0028: Attribute 'security-realm' in the resource at address '/core-service=management/management-interface=http-interface' is deprecated, and may be removed in a future version. See the attribute description in the output of the read-resource-description operation to learn more about the deprecation.
2019-10-29 22:01:12,799 INFO  [org.jboss.as.controller.management-deprecated] (ServerService Thread Pool -- 36) WFLYCTL0028: Attribute 'security-realm' in the resource at address '/subsystem=undertow/server=default-server/https-listener=https' is deprecated, and may be removed in a future version. See the attribute description in the output of the read-resource-description operation to learn more about the deprecation.
2019-10-29 22:01:12,892 INFO  [org.jboss.as.server] (Controller Boot Thread) WFLYSRV0039: Creating http management service using socket-binding (management-http)
2019-10-29 22:01:12,912 INFO  [org.xnio] (MSC service thread 1-5) XNIO version 3.7.3.Final
2019-10-29 22:01:12,931 INFO  [org.xnio.nio] (MSC service thread 1-5) XNIO NIO Implementation Version 3.7.3.Final
2019-10-29 22:01:12,983 INFO  [org.jboss.as.clustering.infinispan] (ServerService Thread Pool -- 51) WFLYCLINF0001: Activating Infinispan subsystem.
2019-10-29 22:01:13,000 INFO  [org.jboss.as.jaxrs] (ServerService Thread Pool -- 53) WFLYRS0016: RESTEasy version 3.9.0.Final
2019-10-29 22:01:13,017 INFO  [org.jboss.as.connector] (MSC service thread 1-7) WFLYJCA0009: Starting JCA Subsystem (WildFly/IronJacamar 1.4.17.Final)
2019-10-29 22:01:13,121 INFO  [org.wildfly.extension.microprofile.config.smallrye._private] (ServerService Thread Pool -- 60) WFLYCONF0001: Activating WildFly MicroProfile Config Subsystem
2019-10-29 22:01:13,086 INFO  [org.wildfly.extension.io] (ServerService Thread Pool -- 52) WFLYIO001: Worker 'default' has auto-configured to 16 core threads with 128 task threads based on your 8 available processors
2019-10-29 22:01:13,120 INFO  [org.jboss.as.connector.subsystems.datasources] (ServerService Thread Pool -- 43) WFLYJCA0004: Deploying JDBC-compliant driver class org.h2.Driver (version 1.4)
2019-10-29 22:01:13,143 INFO  [org.wildfly.extension.microprofile.health.smallrye] (ServerService Thread Pool -- 61) WFLYHEALTH0001: Activating Eclipse MicroProfile Health Subsystem
2019-10-29 22:01:13,160 INFO  [org.jboss.remoting] (MSC service thread 1-5) JBoss Remoting version 5.0.15.Final
2019-10-29 22:01:13,131 INFO  [org.jboss.as.jsf] (ServerService Thread Pool -- 58) WFLYJSF0007: Activated the following JSF Implementations: [main]
2019-10-29 22:01:13,156 INFO  [org.wildfly.extension.microprofile.opentracing] (ServerService Thread Pool -- 63) WFLYTRACEXT0001: Activating MicroProfile OpenTracing Subsystem
2019-10-29 22:01:13,190 INFO  [org.wildfly.extension.microprofile.metrics.smallrye] (ServerService Thread Pool -- 62) WFLYMETRICS0001: Activating Eclipse MicroProfile Metrics Subsystem
2019-10-29 22:01:13,217 INFO  [org.jboss.as.naming] (ServerService Thread Pool -- 64) WFLYNAM0001: Activating Naming Subsystem
2019-10-29 22:01:13,230 INFO  [org.jboss.as.security] (ServerService Thread Pool -- 70) WFLYSEC0002: Activating Security Subsystem
2019-10-29 22:01:13,145 INFO  [org.jboss.as.connector.deployers.jdbc] (MSC service thread 1-1) WFLYJCA0018: Started Driver service with driver-name = h2
2019-10-29 22:01:13,251 INFO  [org.jboss.as.security] (MSC service thread 1-7) WFLYSEC0001: Current PicketBox version=5.0.3.Final
2019-10-29 22:01:13,328 WARN  [org.jboss.as.txn] (ServerService Thread Pool -- 72) WFLYTX0013: The node-identifier attribute on the /subsystem=transactions is set to the default value. This is a danger for environments running multiple servers. Please make sure the attribute value is unique.
2019-10-29 22:01:13,415 INFO  [org.jboss.as.naming] (MSC service thread 1-1) WFLYNAM0003: Starting Naming Service
2019-10-29 22:01:13,429 INFO  [org.jboss.as.webservices] (ServerService Thread Pool -- 74) WFLYWS0002: Activating WebServices Extension
2019-10-29 22:01:13,423 INFO  [org.jboss.as.mail.extension] (MSC service thread 1-7) WFLYMAIL0001: Bound mail session [java:jboss/mail/Default]
2019-10-29 22:01:13,445 INFO  [org.jboss.as.ejb3] (MSC service thread 1-2) WFLYEJB0482: Strict pool mdb-strict-max-pool is using a max instance size of 32 (per class), which is derived from the number of CPUs on this host.
2019-10-29 22:01:13,445 INFO  [org.jboss.as.ejb3] (MSC service thread 1-6) WFLYEJB0481: Strict pool slsb-strict-max-pool is using a max instance size of 128 (per class), which is derived from thread worker pool sizing.
2019-10-29 22:01:13,459 INFO  [org.wildfly.extension.undertow] (MSC service thread 1-1) WFLYUT0003: Undertow 2.0.26.Final starting
2019-10-29 22:01:13,736 INFO  [org.wildfly.extension.undertow] (MSC service thread 1-1) WFLYUT0012: Started server default-server.
2019-10-29 22:01:13,738 INFO  [org.wildfly.extension.undertow] (MSC service thread 1-4) WFLYUT0018: Host default-host starting
2019-10-29 22:01:13,734 INFO  [org.wildfly.extension.undertow] (ServerService Thread Pool -- 73) WFLYUT0014: Creating file handler for path '/home/matheus/work/programacao/Java/uti/wildfly-18.0.0.Final/welcome-content' with options [directory-listing: 'false', follow-symlink: 'false', case-sensitive: 'true', safe-symlink-paths: '[]']
2019-10-29 22:01:13,988 INFO  [org.wildfly.extension.undertow] (MSC service thread 1-1) WFLYUT0006: Undertow HTTP listener default listening on 127.0.0.1:8080
2019-10-29 22:01:14,427 INFO  [org.jboss.as.ejb3] (MSC service thread 1-2) WFLYEJB0493: EJB subsystem suspension complete
2019-10-29 22:01:14,555 INFO  [org.jboss.as.connector.subsystems.datasources] (MSC service thread 1-1) WFLYJCA0001: Bound data source [java:jboss/datasources/ExampleDS]
2019-10-29 22:01:14,672 INFO  [org.jboss.as.patching] (MSC service thread 1-5) WFLYPAT0050: WildFly Full cumulative patch ID is: base, one-off patches include: none
2019-10-29 22:01:14,702 WARN  [org.jboss.as.domain.management.security] (MSC service thread 1-7) WFLYDM0111: Keystore /home/matheus/work/programacao/Java/uti/wildfly-18.0.0.Final/standalone/configuration/application.keystore not found, it will be auto generated on first use with a self signed certificate for host localhost
2019-10-29 22:01:14,731 INFO  [org.jboss.as.server.deployment.scanner] (MSC service thread 1-3) WFLYDS0013: Started FileSystemDeploymentService for directory /home/matheus/work/programacao/Java/uti/wildfly-18.0.0.Final/standalone/deployments
2019-10-29 22:01:14,996 INFO  [org.wildfly.extension.undertow] (MSC service thread 1-8) WFLYUT0006: Undertow HTTPS listener https listening on 127.0.0.1:8443
2019-10-29 22:01:15,228 INFO  [org.jboss.ws.common.management] (MSC service thread 1-2) JBWS022052: Starting JBossWS 5.3.0.Final (Apache CXF 3.3.3) 
2019-10-29 22:01:15,560 INFO  [org.jboss.as.server] (Controller Boot Thread) WFLYSRV0212: Resuming server
2019-10-29 22:01:15,565 INFO  [org.jboss.as] (Controller Boot Thread) WFLYSRV0060: Http management interface listening on http://127.0.0.1:9990/management
2019-10-29 22:01:15,566 INFO  [org.jboss.as] (Controller Boot Thread) WFLYSRV0051: Admin console listening on http://127.0.0.1:9990
2019-10-29 22:01:15,566 INFO  [org.jboss.as] (Controller Boot Thread) WFLYSRV0025: WildFly Full 18.0.0.Final (WildFly Core 10.0.0.Final) started in 6196ms - Started 315 of 577 services (369 services are lazy, passive or on-demand)
2019-10-29 22:01:16,458 INFO  [org.jboss.as.server.deployment] (MSC service thread 1-2) WFLYSRV0027: Starting deployment of "uti-1.0-SNAPSHOT" (runtime-name: "uti-1.0-SNAPSHOT.war")
2019-10-29 22:01:18,799 INFO  [org.jboss.as.jpa] (MSC service thread 1-7) WFLYJPA0002: Read persistence.xml for UTI-PU
2019-10-29 22:01:19,162 INFO  [org.jboss.as.connector.deployers.jdbc] (MSC service thread 1-2) WFLYJCA0005: Deploying non-JDBC-compliant driver class com.mysql.cj.jdbc.Driver (version 8.0)
2019-10-29 22:01:19,164 WARN  [org.jboss.weld.deployer] (MSC service thread 1-2) WFLYWELD0013: Deployment uti-1.0-SNAPSHOT.war contains CDI annotations but no bean archive was found (no beans.xml or class with bean defining annotations was present).
2019-10-29 22:01:19,175 INFO  [org.infinispan.factories.GlobalComponentRegistry] (MSC service thread 1-4) ISPN000128: Infinispan version: Infinispan 'Infinity Minus ONE +2' 9.4.16.Final
2019-10-29 22:01:19,209 INFO  [org.jboss.as.connector.deployers.jdbc] (MSC service thread 1-6) WFLYJCA0018: Started Driver service with driver-name = uti-1.0-SNAPSHOT.war_com.mysql.cj.jdbc.Driver_8_0
2019-10-29 22:01:19,338 INFO  [org.jboss.as.jpa] (ServerService Thread Pool -- 23) WFLYJPA0010: Starting Persistence Unit (phase 1 of 2) Service 'uti-1.0-SNAPSHOT#UTI-PU'
2019-10-29 22:01:19,373 INFO  [org.hibernate.jpa.internal.util.LogHelper] (ServerService Thread Pool -- 23) HHH000204: Processing PersistenceUnitInfo [
	name: UTI-PU
	...]
2019-10-29 22:01:19,450 INFO  [org.hibernate.Version] (ServerService Thread Pool -- 23) HHH000412: Hibernate Core {5.3.12.Final}
2019-10-29 22:01:19,452 INFO  [org.hibernate.cfg.Environment] (ServerService Thread Pool -- 23) HHH000206: hibernate.properties not found
2019-10-29 22:01:19,538 INFO  [org.jboss.as.clustering.infinispan] (ServerService Thread Pool -- 76) WFLYCLINF0002: Started client-mappings cache from ejb container
2019-10-29 22:01:19,622 INFO  [org.hibernate.annotations.common.Version] (ServerService Thread Pool -- 23) HCANN000001: Hibernate Commons Annotations {5.0.5.Final}
2019-10-29 22:01:19,730 INFO  [org.jboss.as.jpa] (ServerService Thread Pool -- 23) WFLYJPA0010: Starting Persistence Unit (phase 2 of 2) Service 'uti-1.0-SNAPSHOT#UTI-PU'
2019-10-29 22:01:19,901 INFO  [org.hibernate.dialect.Dialect] (ServerService Thread Pool -- 23) HHH000400: Using dialect: org.hibernate.dialect.H2Dialect
2019-10-29 22:01:19,910 WARN  [org.hibernate.dialect.H2Dialect] (ServerService Thread Pool -- 23) HHH000431: Unable to determine H2 database version, certain features may not work
2019-10-29 22:01:19,971 INFO  [org.hibernate.envers.boot.internal.EnversServiceImpl] (ServerService Thread Pool -- 23) Envers integration enabled? : true
2019-10-29 22:01:20,095 INFO  [org.hibernate.orm.beans] (ServerService Thread Pool -- 23) HHH10005002: No explicit CDI BeanManager reference was passed to Hibernate, but CDI is available on the Hibernate ClassLoader.
2019-10-29 22:01:20,290 INFO  [org.wildfly.extension.undertow] (ServerService Thread Pool -- 23) WFLYUT0021: Registered web context: '/uti-1.0-SNAPSHOT' for server 'default-server'
2019-10-29 22:01:20,371 INFO  [org.jboss.as.server] (management-handler-thread - 1) WFLYSRV0010: Deployed "uti-1.0-SNAPSHOT" (runtime-name : "uti-1.0-SNAPSHOT.war")
